<?xml version="1.0" encoding="UTF-8"?>
<Site BuildName="(empty)"
	BuildStamp="20240611-0223-Experimental"
	Name="111"
	Generator="ctest-3.22.1"
	CompilerName="/usr/bin/c++"
	CompilerVersion="11.4.0"
	OSName="Linux"
	Hostname="111"
	OSRelease="5.15.0-1061-realtime"
	OSVersion="#69-Ubuntu SMP PREEMPT_RT Mon Apr 15 18:56:55 UTC 2024"
	OSPlatform="x86_64"
	Is64Bits="1"
	VendorString="GenuineIntel"
	VendorID="Intel Corporation"
	FamilyID="6"
	ModelID="186"
	ProcessorCacheSize="12288"
	NumberOfLogicalCPU="12"
	NumberOfPhysicalCPU="10"
	TotalVirtualMemory="4095"
	TotalPhysicalMemory="15759"
	LogicalProcessorsPerPhysical="1"
	ProcessorClockFrequency="1200"
	>
	<Testing>
		<StartDateTime>Jun 11 02:23 UTC</StartDateTime>
		<StartTestTime>1718072616</StartTestTime>
		<TestList/>
		<EndDateTime>Jun 11 02:23 UTC</EndDateTime>
		<EndTestTime>1718072616</EndTestTime>
		<ElapsedMinutes>0</ElapsedMinutes>
	</Testing>
</Site>
